2023-09-20T16:58:44.832Z [error]: The provided key element does not match the schema
2023-09-20T17:00:18.151Z [error]: Missing required key 'Key' in params
2023-09-20T17:01:05.807Z [error]: The provided key element does not match the schema
2023-09-20T17:04:10.254Z [error]: The provided key element does not match the schema
2023-09-20T18:11:37.488Z [error]: The provided key element does not match the schema
2023-09-20T18:14:08.161Z [info]: Successful Login
2023-09-20T18:22:17.416Z [info]: Successful Login
2023-09-20T18:31:22.206Z [info]: Successful Login
2023-09-20T18:32:13.464Z [info]: Successful Login
2023-09-20T18:32:49.608Z [info]: Successful Login
2023-09-20T18:34:01.499Z [info]: Successful Login
2023-09-20T18:56:12.400Z [info]: Successful Login
2023-09-21T15:17:36.474Z [info]: Successful Login
2023-09-21T15:17:46.764Z [info]: Successful Login
2023-09-21T15:19:48.355Z [error]: ExpressionAttributeNames can only be specified when using expressions
2023-09-21T15:19:59.313Z [error]: ExpressionAttributeNames can only be specified when using expressions
2023-09-21T15:23:23.930Z [info]: Successful Login
2023-09-21T15:23:31.206Z [info]: Successful Login
2023-09-21T15:46:08.359Z [error]: username is not defined
2023-09-21T15:47:37.815Z [error]: username is not defined
2023-09-21T15:48:00.916Z [error]: username is not defined
2023-09-21T15:48:23.989Z [error]: username is not defined
2023-09-21T15:54:44.783Z [error]: username is not defined
2023-09-21T15:55:18.260Z [error]: Cannot set properties of undefined (setting 'username')
2023-09-21T16:33:21.365Z [error]: jwtUtil is not defined
2023-09-21T16:35:19.971Z [info]: Successful Login
2023-09-21T16:36:48.805Z [error]: position is not defined
2023-09-21T16:37:20.878Z [info]: Successful Login
2023-09-21T16:50:01.264Z [info]: Successful Login
2023-09-21T16:54:07.767Z [info]: Successful Login
2023-09-21T17:58:53.765Z [info]: Successful Login
2023-09-21T18:55:34.769Z [info]: Successful Login
2023-09-21T18:59:28.978Z [info]: Successful Login
2023-09-21T19:00:42.449Z [info]: Successful Login
2023-09-21T19:01:44.459Z [info]: Successful Login
2023-09-21T19:04:54.216Z [info]: Successful Login
2023-09-21T19:06:04.448Z [info]: Successful Login
2023-09-21T19:08:03.588Z [info]: Successful Login
2023-09-21T19:11:36.848Z [info]: Successful Login
2023-09-21T19:13:09.248Z [info]: Successful Login
2023-09-21T19:21:10.353Z [info]: Successful Login
2023-09-21T19:22:58.853Z [info]: Successful Login
2023-09-21T19:44:21.295Z [info]: Successful Login
2023-09-21T19:50:03.570Z [info]: Successful Login
2023-09-21T19:51:23.886Z [info]: Successful Login
2023-09-21T20:02:53.362Z [error]: Cannot read properties of undefined (reading 'password')
2023-09-21T20:03:10.021Z [error]: Cannot read properties of undefined (reading 'password')
2023-09-21T20:05:34.194Z [error]: Cannot read properties of undefined (reading 'password')
2023-09-21T20:06:11.508Z [error]: Cannot read properties of undefined (reading 'password')
2023-09-21T20:07:36.294Z [error]: Cannot read properties of undefined (reading 'password')
2023-09-21T20:09:05.720Z [error]: Cannot access 'userItem' before initialization
2023-09-21T20:09:40.657Z [error]: Cannot read properties of undefined (reading 'password')
2023-09-21T20:10:37.156Z [info]: Successful Login
2023-09-22T14:34:23.850Z [info]: Successful Login
2023-09-22T14:48:17.739Z [info]: Successful Login
2023-09-22T17:05:16.414Z [info]: Successful Login
2023-09-22T20:51:33.086Z [error]: The conditional request failed
2023-09-22T20:52:49.154Z [error]: The conditional request failed
2023-09-22T20:53:42.463Z [error]: The conditional request failed
2023-09-25T14:14:33.161Z [error]: The conditional request failed
2023-09-25T14:16:01.036Z [info]: Successful Login
2023-09-25T16:41:57.735Z [info]: Successful Retrieval by Employee!
2023-09-25T16:42:10.914Z [info]: Successful Retrieval by Employee!
2023-09-25T20:59:07.533Z [error]: Region is missing
2023-09-25T21:02:10.859Z [info]: Successful Add!
2023-09-25T21:08:46.220Z [info]: Successful Add!
